# JRE version: OpenJDK Runtime Environment (8.0_152-b01) (build 1.8.0_152-release-1024-b01)
# Java VM: OpenJDK 64-Bit Server VM (25.152-b01 mixed mode linux-amd64 compressed oops)
Heap:
 PSYoungGen      total 67584K, used 21533K [0x00000000e0000000, 0x00000000e4700000, 0x0000000100000000)
  eden space 62464K, 26% used [0x00000000e0000000,0x00000000e100f430,0x00000000e3d00000)
  from space 5120K, 99% used [0x00000000e4200000,0x00000000e46f8010,0x00000000e4700000)
  to   space 5120K, 0% used [0x00000000e3d00000,0x00000000e3d00000,0x00000000e4200000)
 ParOldGen       total 83456K, used 4519K [0x00000000a0000000, 0x00000000a5180000, 0x00000000e0000000)
  object space 83456K, 5% used [0x00000000a0000000,0x00000000a0469d48,0x00000000a5180000)
 Metaspace       used 19121K, capacity 19534K, committed 19840K, reserved 1067008K
  class space    used 2698K, capacity 2846K, committed 2944K, reserved 1048576K
GC Heap History (8 events):
Event: 3.637 GC heap before
{Heap before GC invocations=1 (full 0):
 PSYoungGen      total 36352K, used 31232K [0x00000000e0000000, 0x00000000e2880000, 0x0000000100000000)
  eden space 31232K, 100% used [0x00000000e0000000,0x00000000e1e80000,0x00000000e1e80000)
  from space 5120K, 0% used [0x00000000e2380000,0x00000000e2380000,0x00000000e2880000)
  to   space 5120K, 0% used [0x00000000e1e80000,0x00000000e1e80000,0x00000000e2380000)
 ParOldGen       total 83456K, used 0K [0x00000000a0000000, 0x00000000a5180000, 0x00000000e0000000)
  object space 83456K, 0% used [0x00000000a0000000,0x00000000a0000000,0x00000000a5180000)
 Metaspace       used 6453K, capacity 6638K, committed 6784K, reserved 1056768K
  class space    used 796K, capacity 875K, committed 896K, reserved 1048576K
Event: 3.657 GC heap after
Heap after GC invocations=1 (full 0):
 PSYoungGen      total 36352K, used 3945K [0x00000000e0000000, 0x00000000e2880000, 0x0000000100000000)
  eden space 31232K, 0% used [0x00000000e0000000,0x00000000e0000000,0x00000000e1e80000)
  from space 5120K, 77% used [0x00000000e1e80000,0x00000000e225a538,0x00000000e2380000)
  to   space 5120K, 0% used [0x00000000e2380000,0x00000000e2380000,0x00000000e2880000)
 ParOldGen       total 83456K, used 0K [0x00000000a0000000, 0x00000000a5180000, 0x00000000e0000000)
  object space 83456K, 0% used [0x00000000a0000000,0x00000000a0000000,0x00000000a5180000)
 Metaspace       used 6453K, capacity 6638K, committed 6784K, reserved 1056768K
  class space    used 796K, capacity 875K, committed 896K, reserved 1048576K
}
Event: 5.386 GC heap before
{Heap before GC invocations=2 (full 0):
 PSYoungGen      total 36352K, used 35177K [0x00000000e0000000, 0x00000000e2880000, 0x0000000100000000)
  eden space 31232K, 100% used [0x00000000e0000000,0x00000000e1e80000,0x00000000e1e80000)
  from space 5120K, 77% used [0x00000000e1e80000,0x00000000e225a538,0x00000000e2380000)
  to   space 5120K, 0% used [0x00000000e2380000,0x00000000e2380000,0x00000000e2880000)
 ParOldGen       total 83456K, used 0K [0x00000000a0000000, 0x00000000a5180000, 0x00000000e0000000)
  object space 83456K, 0% used [0x00000000a0000000,0x00000000a0000000,0x00000000a5180000)
 Metaspace       used 10355K, capacity 10664K, committed 10752K, reserved 1058816K
  class space    used 1381K, capacity 1486K, committed 1536K, reserved 1048576K
Event: 5.436 GC heap after
Heap after GC invocations=2 (full 0):
 PSYoungGen      total 36352K, used 5101K [0x00000000e0000000, 0x00000000e4700000, 0x0000000100000000)
  eden space 31232K, 0% used [0x00000000e0000000,0x00000000e0000000,0x00000000e1e80000)
  from space 5120K, 99% used [0x00000000e2380000,0x00000000e287b580,0x00000000e2880000)
  to   space 5120K, 0% used [0x00000000e1e80000,0x00000000e1e80000,0x00000000e2380000)
 ParOldGen       total 83456K, used 8K [0x00000000a0000000, 0x00000000a5180000, 0x00000000e0000000)
  object space 83456K, 0% used [0x00000000a0000000,0x00000000a0002000,0x00000000a5180000)
 Metaspace       used 10355K, capacity 10664K, committed 10752K, reserved 1058816K
  class space    used 1381K, capacity 1486K, committed 1536K, reserved 1048576K
}
Event: 7.172 GC heap before
{Heap before GC invocations=3 (full 0):
 PSYoungGen      total 36352K, used 36333K [0x00000000e0000000, 0x00000000e4700000, 0x0000000100000000)
  eden space 31232K, 100% used [0x00000000e0000000,0x00000000e1e80000,0x00000000e1e80000)
  from space 5120K, 99% used [0x00000000e2380000,0x00000000e287b580,0x00000000e2880000)
  to   space 5120K, 0% used [0x00000000e1e80000,0x00000000e1e80000,0x00000000e2380000)
 ParOldGen       total 83456K, used 8K [0x00000000a0000000, 0x00000000a5180000, 0x00000000e0000000)
  object space 83456K, 0% used [0x00000000a0000000,0x00000000a0002000,0x00000000a5180000)
 Metaspace       used 13679K, capacity 14068K, committed 14464K, reserved 1060864K
  class space    used 1914K, capacity 2058K, committed 2176K, reserved 1048576K
Event: 7.244 GC heap after
Heap after GC invocations=3 (full 0):
 PSYoungGen      total 36352K, used 5092K [0x00000000e0000000, 0x00000000e4700000, 0x0000000100000000)
  eden space 31232K, 0% used [0x00000000e0000000,0x00000000e0000000,0x00000000e1e80000)
  from space 5120K, 99% used [0x00000000e1e80000,0x00000000e23790f0,0x00000000e2380000)
  to   space 5120K, 0% used [0x00000000e4200000,0x00000000e4200000,0x00000000e4700000)
 ParOldGen       total 83456K, used 1668K [0x00000000a0000000, 0x00000000a5180000, 0x00000000e0000000)
  object space 83456K, 1% used [0x00000000a0000000,0x00000000a01a1150,0x00000000a5180000)
 Metaspace       used 13679K, capacity 14068K, committed 14464K, reserved 1060864K
  class space    used 1914K, capacity 2058K, committed 2176K, reserved 1048576K
}
Event: 9.678 GC heap before
{Heap before GC invocations=4 (full 0):
 PSYoungGen      total 36352K, used 36324K [0x00000000e0000000, 0x00000000e4700000, 0x0000000100000000)
  eden space 31232K, 100% used [0x00000000e0000000,0x00000000e1e80000,0x00000000e1e80000)
  from space 5120K, 99% used [0x00000000e1e80000,0x00000000e23790f0,0x00000000e2380000)
  to   space 5120K, 0% used [0x00000000e4200000,0x00000000e4200000,0x00000000e4700000)
 ParOldGen       total 83456K, used 1668K [0x00000000a0000000, 0x00000000a5180000, 0x00000000e0000000)
  object space 83456K, 1% used [0x00000000a0000000,0x00000000a01a1150,0x00000000a5180000)
 Metaspace       used 16840K, capacity 17196K, committed 17408K, reserved 1064960K
  class space    used 2429K, capacity 2542K, committed 2560K, reserved 1048576K
Event: 9.745 GC heap after
Heap after GC invocations=4 (full 0):
 PSYoungGen      total 67584K, used 5088K [0x00000000e0000000, 0x00000000e4700000, 0x0000000100000000)
  eden space 62464K, 0% used [0x00000000e0000000,0x00000000e0000000,0x00000000e3d00000)
  from space 5120K, 99% used [0x00000000e4200000,0x00000000e46f8010,0x00000000e4700000)
  to   space 5120K, 0% used [0x00000000e3d00000,0x00000000e3d00000,0x00000000e4200000)
 ParOldGen       total 83456K, used 4519K [0x00000000a0000000, 0x00000000a5180000, 0x00000000e0000000)
  object space 83456K, 5% used [0x00000000a0000000,0x00000000a0469d48,0x00000000a5180000)
 Metaspace       used 16840K, capacity 17196K, committed 17408K, reserved 1064960K
  class space    used 2429K, capacity 2542K, committed 2560K, reserved 1048576K
}

